
> frontend@0.1.0 start
> react-scripts start

Starting the development server...

Compiled with warnings.

Warning
(3786:3) autoprefixer: Replace color-adjust to print-color-adjust. The color-adjust shorthand is currently deprecated.

Search for the keywords to learn more about each warning.
To ignore, add // eslint-disable-next-line to the line before.

[1m[33mWARNING[39m[22m in [1m./node_modules/bootstrap/dist/css/bootstrap.css[39m[22m (./node_modules/css-loader/dist/cjs.js??ruleSet[1].rules[1].oneOf[5].use[1]!./node_modules/postcss-loader/dist/cjs.js??ruleSet[1].rules[1].oneOf[5].use[2]!./node_modules/source-map-loader/dist/cjs.js!./node_modules/bootstrap/dist/css/bootstrap.css)
[1mModule Warning (from ./node_modules/postcss-loader/dist/cjs.js):
Warning

(3786:3) autoprefixer: Replace color-adjust to print-color-adjust. The color-adjust shorthand is currently [1m[33mdeprecated[39m[22m[1m.[39m[22m

webpack compiled with [1m[33m1 warning[39m[22m
Compiling...
Compiled with warnings.

Warning
(3786:3) autoprefixer: Replace color-adjust to print-color-adjust. The color-adjust shorthand is currently deprecated.

Search for the keywords to learn more about each warning.
To ignore, add // eslint-disable-next-line to the line before.

[1m[33mWARNING[39m[22m in [1m./node_modules/bootstrap/dist/css/bootstrap.css[39m[22m (./node_modules/css-loader/dist/cjs.js??ruleSet[1].rules[1].oneOf[5].use[1]!./node_modules/postcss-loader/dist/cjs.js??ruleSet[1].rules[1].oneOf[5].use[2]!./node_modules/source-map-loader/dist/cjs.js!./node_modules/bootstrap/dist/css/bootstrap.css)
[1mModule Warning (from ./node_modules/postcss-loader/dist/cjs.js):
Warning

(3786:3) autoprefixer: Replace color-adjust to print-color-adjust. The color-adjust shorthand is currently [1m[33mdeprecated[39m[22m[1m.[39m[22m

webpack compiled with [1m[33m1 warning[39m[22m
Compiling...
Compiled with warnings.

Warning
(3786:3) autoprefixer: Replace color-adjust to print-color-adjust. The color-adjust shorthand is currently deprecated.

src\components\tabs\CreateEvent.js
  Line 4:10:   'ethers' is defined but never used                        no-unused-vars
  Line 8:8:    'EventArtifact' is defined but never used                 no-unused-vars
  Line 9:8:    'EventCreatorArtifact' is defined but never used          no-unused-vars
  Line 10:8:   'contractAddress' is defined but never used               no-unused-vars
  Line 15:10:  'NoWalletDetected' is defined but never used              no-unused-vars
  Line 16:10:  'ConnectWallet' is defined but never used                 no-unused-vars
  Line 17:10:  'Loading' is defined but never used                       no-unused-vars
  Line 18:10:  'TransactionErrorMessage' is defined but never used       no-unused-vars
  Line 19:10:  'WaitingForTransactionMessage' is defined but never used  no-unused-vars
  Line 23:3:   'Flex' is defined but never used                          no-unused-vars
  Line 24:3:   'Center' is defined but never used                        no-unused-vars
  Line 25:3:   'Wrap' is defined but never used                          no-unused-vars
  Line 26:3:   'WrapItem' is defined but never used                      no-unused-vars
  Line 28:3:   'Text' is defined but never used                          no-unused-vars
  Line 29:3:   'Form' is defined but never used                          no-unused-vars
  Line 30:3:   'FormControl' is defined but never used                   no-unused-vars
  Line 31:3:   'FormLabel' is defined but never used                     no-unused-vars
  Line 32:3:   'FormErrorMessage' is defined but never used              no-unused-vars
  Line 33:3:   'FormHelperText' is defined but never used                no-unused-vars
  Line 34:3:   'IconButton' is defined but never used                    no-unused-vars
  Line 35:3:   'Icon' is defined but never used                          no-unused-vars
  Line 37:3:   'InputGroup' is defined but never used                    no-unused-vars
  Line 38:3:   'SimpleGrid' is defined but never used                    no-unused-vars
  Line 39:3:   'Box' is defined but never used                           no-unused-vars
  Line 40:3:   'VStack' is defined but never used                        no-unused-vars
  Line 42:3:   'Radio' is defined but never used                         no-unused-vars
  Line 43:3:   'RadioGroup' is defined but never used                    no-unused-vars
  Line 44:3:   'Tabs' is defined but never used                          no-unused-vars
  Line 45:3:   'TabList' is defined but never used                       no-unused-vars
  Line 46:3:   'TabPanels' is defined but never used                     no-unused-vars
  Line 47:3:   'Tab' is defined but never used                           no-unused-vars
  Line 52:7:   'HARDHAT_NETWORK_ID' is assigned a value but never used   no-unused-vars

Search for the keywords to learn more about each warning.
To ignore, add // eslint-disable-next-line to the line before.

[1m[33mWARNING[39m[22m in [1m./node_modules/bootstrap/dist/css/bootstrap.css[39m[22m (./node_modules/css-loader/dist/cjs.js??ruleSet[1].rules[1].oneOf[5].use[1]!./node_modules/postcss-loader/dist/cjs.js??ruleSet[1].rules[1].oneOf[5].use[2]!./node_modules/source-map-loader/dist/cjs.js!./node_modules/bootstrap/dist/css/bootstrap.css)
[1mModule Warning (from ./node_modules/postcss-loader/dist/cjs.js):
Warning

(3786:3) autoprefixer: Replace color-adjust to print-color-adjust. The color-adjust shorthand is currently [1m[33mdeprecated[39m[22m[1m.[39m[22m

[1m[33mWARNING[39m[22m in [1m
src\components\tabs\CreateEvent.js
  Line 4:10:   'ethers' is defined but never used                        no-unused-vars
  Line 8:8:    'EventArtifact' is defined but never used                 no-unused-vars
  Line 9:8:    'EventCreatorArtifact' is defined but never used          no-unused-vars
  Line 10:8:   'contractAddress' is defined but never used               no-unused-vars
  Line 15:10:  'NoWalletDetected' is defined but never used              no-unused-vars
  Line 16:10:  'ConnectWallet' is defined but never used                 no-unused-vars
  Line 17:10:  'Loading' is defined but never used                       no-unused-vars
  Line 18:10:  'TransactionErrorMessage' is defined but never used       no-unused-vars
  Line 19:10:  'WaitingForTransactionMessage' is defined but never used  no-unused-vars
  Line 23:3:   'Flex' is defined but never used                          no-unused-vars
  Line 24:3:   'Center' is defined but never used                        no-unused-vars
  Line 25:3:   'Wrap' is defined but never used                          no-unused-vars
  Line 26:3:   'WrapItem' is defined but never used                      no-unused-vars
  Line 28:3:   'Text' is defined but never used                          no-unused-vars
  Line 29:3:   'Form' is defined but never used                          no-unused-vars
  Line 30:3:   'FormControl' is defined but never used                   no-unused-vars
  Line 31:3:   'FormLabel' is defined but never used                     no-unused-vars
  Line 32:3:   'FormErrorMessage' is defined but never used              no-unused-vars
  Line 33:3:   'FormHelperText' is defined but never used                no-unused-vars
  Line 34:3:   'IconButton' is defined but never used                    no-unused-vars
  Line 35:3:   'Icon' is defined but never used                          no-unused-vars
  Line 37:3:   'InputGroup' is defined but never used                    no-unused-vars
  Line 38:3:   'SimpleGrid' is defined but never used                    no-unused-vars
  Line 39:3:   'Box' is defined but never used                           no-unused-vars
  Line 40:3:   'VStack' is defined but never used                        no-unused-vars
  Line 42:3:   'Radio' is defined but never used                         no-unused-vars
  Line 43:3:   'RadioGroup' is defined but never used                    no-unused-vars
  Line 44:3:   'Tabs' is defined but never used                          no-unused-vars
  Line 45:3:   'TabList' is defined but never used                       no-unused-vars
  Line 46:3:   'TabPanels' is defined but never used                     no-unused-vars
  Line 47:3:   'Tab' is defined but never used                           no-unused-vars
  Line 52:7:   'HARDHAT_NETWORK_ID' is assigned a value but never used   no-unused-vars

[39m[22m

webpack compiled with [1m[33m2 warnings[39m[22m
